2024-08-28 14:16:55,735 - ERROR - Erro durante o login no TCE
Traceback (most recent call last):
  File "C:\Users\danilo.formanski\Downloads\Automacao-TCE\tce_login.py", line 24, in login_tce
    nome.send_keys(login)
  File "C:\Users\danilo.formanski\Downloads\Automacao-TCE\venv\Lib\site-packages\selenium\webdriver\remote\webelement.py", line 232, in send_keys
    Command.SEND_KEYS_TO_ELEMENT, {"text": "".join(keys_to_typing(value)), "value": keys_to_typing(value)}
                                                   ^^^^^^^^^^^^^^^^^^^^^
  File "C:\Users\danilo.formanski\Downloads\Automacao-TCE\venv\Lib\site-packages\selenium\webdriver\common\utils.py", line 137, in keys_to_typing
    characters.extend(val)
TypeError: 'NoneType' object is not iterable
2024-08-28 14:16:55,838 - ERROR - Erro na execução principal
Traceback (most recent call last):
  File "C:\Users\danilo.formanski\Downloads\Automacao-TCE\main.py", line 17, in <module>
    login_tce(driver)
  File "C:\Users\danilo.formanski\Downloads\Automacao-TCE\tce_login.py", line 24, in login_tce
    nome.send_keys(login)
  File "C:\Users\danilo.formanski\Downloads\Automacao-TCE\venv\Lib\site-packages\selenium\webdriver\remote\webelement.py", line 232, in send_keys
    Command.SEND_KEYS_TO_ELEMENT, {"text": "".join(keys_to_typing(value)), "value": keys_to_typing(value)}
                                                   ^^^^^^^^^^^^^^^^^^^^^
  File "C:\Users\danilo.formanski\Downloads\Automacao-TCE\venv\Lib\site-packages\selenium\webdriver\common\utils.py", line 137, in keys_to_typing
    characters.extend(val)
TypeError: 'NoneType' object is not iterable
2024-08-28 14:18:45,781 - ERROR - Erro ao selecionar o segundo item
Traceback (most recent call last):
  File "C:\Users\danilo.formanski\Downloads\Automacao-TCE\tce_navigation.py", line 49, in select_second_item
    wait.until(EC.element_to_be_clickable((By.CSS_SELECTOR, '.MuiBackdrop-root'))).click()
    ^^^^^^^^^^^^^^^^^^^^^^^^^^^^^^^^^^^^^^^^^^^^^^^^^^^^^^^^^^^^^^^^^^^^^^^^^^^^^^
  File "C:\Users\danilo.formanski\Downloads\Automacao-TCE\venv\Lib\site-packages\selenium\webdriver\support\wait.py", line 105, in until
    raise TimeoutException(message, screen, stacktrace)
selenium.common.exceptions.TimeoutException: Message: 
Stacktrace:
	GetHandleVerifier [0x00007FF7063AB632+29090]
	(No symbol) [0x00007FF70631E6E9]
	(No symbol) [0x00007FF7061DB1CA]
	(No symbol) [0x00007FF70622EFD7]
	(No symbol) [0x00007FF70622F22C]
	(No symbol) [0x00007FF7062797F7]
	(No symbol) [0x00007FF70625672F]
	(No symbol) [0x00007FF7062765D9]
	(No symbol) [0x00007FF706256493]
	(No symbol) [0x00007FF7062209B1]
	(No symbol) [0x00007FF706221B11]
	GetHandleVerifier [0x00007FF7066C881D+3294093]
	GetHandleVerifier [0x00007FF706714403+3604339]
	GetHandleVerifier [0x00007FF70670A2C7+3563063]
	GetHandleVerifier [0x00007FF706466F16+797318]
	(No symbol) [0x00007FF70632986F]
	(No symbol) [0x00007FF706325454]
	(No symbol) [0x00007FF7063255E0]
	(No symbol) [0x00007FF706314A7F]
	BaseThreadInitThunk [0x00007FFB6E337374+20]
	RtlUserThreadStart [0x00007FFB7033CC91+33]

2024-08-28 14:18:45,877 - ERROR - Erro na execução principal
Traceback (most recent call last):
  File "C:\Users\danilo.formanski\Downloads\Automacao-TCE\main.py", line 19, in <module>
    select_second_item(driver)
  File "C:\Users\danilo.formanski\Downloads\Automacao-TCE\tce_navigation.py", line 49, in select_second_item
    wait.until(EC.element_to_be_clickable((By.CSS_SELECTOR, '.MuiBackdrop-root'))).click()
    ^^^^^^^^^^^^^^^^^^^^^^^^^^^^^^^^^^^^^^^^^^^^^^^^^^^^^^^^^^^^^^^^^^^^^^^^^^^^^^
  File "C:\Users\danilo.formanski\Downloads\Automacao-TCE\venv\Lib\site-packages\selenium\webdriver\support\wait.py", line 105, in until
    raise TimeoutException(message, screen, stacktrace)
selenium.common.exceptions.TimeoutException: Message: 
Stacktrace:
	GetHandleVerifier [0x00007FF7063AB632+29090]
	(No symbol) [0x00007FF70631E6E9]
	(No symbol) [0x00007FF7061DB1CA]
	(No symbol) [0x00007FF70622EFD7]
	(No symbol) [0x00007FF70622F22C]
	(No symbol) [0x00007FF7062797F7]
	(No symbol) [0x00007FF70625672F]
	(No symbol) [0x00007FF7062765D9]
	(No symbol) [0x00007FF706256493]
	(No symbol) [0x00007FF7062209B1]
	(No symbol) [0x00007FF706221B11]
	GetHandleVerifier [0x00007FF7066C881D+3294093]
	GetHandleVerifier [0x00007FF706714403+3604339]
	GetHandleVerifier [0x00007FF70670A2C7+3563063]
	GetHandleVerifier [0x00007FF706466F16+797318]
	(No symbol) [0x00007FF70632986F]
	(No symbol) [0x00007FF706325454]
	(No symbol) [0x00007FF7063255E0]
	(No symbol) [0x00007FF706314A7F]
	BaseThreadInitThunk [0x00007FFB6E337374+20]
	RtlUserThreadStart [0x00007FFB7033CC91+33]

2024-08-28 14:20:28,384 - ERROR - Erro ao selecionar o segundo item
Traceback (most recent call last):
  File "C:\Users\danilo.formanski\Downloads\Automacao-TCE\tce_navigation.py", line 49, in select_second_item
    wait.until(EC.element_to_be_clickable((By.CSS_SELECTOR, '.MuiBackdrop-root'))).click()
    ^^^^^^^^^^^^^^^^^^^^^^^^^^^^^^^^^^^^^^^^^^^^^^^^^^^^^^^^^^^^^^^^^^^^^^^^^^^^^^
  File "C:\Users\danilo.formanski\Downloads\Automacao-TCE\venv\Lib\site-packages\selenium\webdriver\support\wait.py", line 105, in until
    raise TimeoutException(message, screen, stacktrace)
selenium.common.exceptions.TimeoutException: Message: 
Stacktrace:
	GetHandleVerifier [0x00007FF7063AB632+29090]
	(No symbol) [0x00007FF70631E6E9]
	(No symbol) [0x00007FF7061DB1CA]
	(No symbol) [0x00007FF70622EFD7]
	(No symbol) [0x00007FF70622F22C]
	(No symbol) [0x00007FF7062797F7]
	(No symbol) [0x00007FF70625672F]
	(No symbol) [0x00007FF7062765D9]
	(No symbol) [0x00007FF706256493]
	(No symbol) [0x00007FF7062209B1]
	(No symbol) [0x00007FF706221B11]
	GetHandleVerifier [0x00007FF7066C881D+3294093]
	GetHandleVerifier [0x00007FF706714403+3604339]
	GetHandleVerifier [0x00007FF70670A2C7+3563063]
	GetHandleVerifier [0x00007FF706466F16+797318]
	(No symbol) [0x00007FF70632986F]
	(No symbol) [0x00007FF706325454]
	(No symbol) [0x00007FF7063255E0]
	(No symbol) [0x00007FF706314A7F]
	BaseThreadInitThunk [0x00007FFB6E337374+20]
	RtlUserThreadStart [0x00007FFB7033CC91+33]

2024-08-28 14:20:28,487 - ERROR - Erro na execução principal
Traceback (most recent call last):
  File "C:\Users\danilo.formanski\Downloads\Automacao-TCE\main.py", line 19, in <module>
    select_second_item(driver)
  File "C:\Users\danilo.formanski\Downloads\Automacao-TCE\tce_navigation.py", line 49, in select_second_item
    wait.until(EC.element_to_be_clickable((By.CSS_SELECTOR, '.MuiBackdrop-root'))).click()
    ^^^^^^^^^^^^^^^^^^^^^^^^^^^^^^^^^^^^^^^^^^^^^^^^^^^^^^^^^^^^^^^^^^^^^^^^^^^^^^
  File "C:\Users\danilo.formanski\Downloads\Automacao-TCE\venv\Lib\site-packages\selenium\webdriver\support\wait.py", line 105, in until
    raise TimeoutException(message, screen, stacktrace)
selenium.common.exceptions.TimeoutException: Message: 
Stacktrace:
	GetHandleVerifier [0x00007FF7063AB632+29090]
	(No symbol) [0x00007FF70631E6E9]
	(No symbol) [0x00007FF7061DB1CA]
	(No symbol) [0x00007FF70622EFD7]
	(No symbol) [0x00007FF70622F22C]
	(No symbol) [0x00007FF7062797F7]
	(No symbol) [0x00007FF70625672F]
	(No symbol) [0x00007FF7062765D9]
	(No symbol) [0x00007FF706256493]
	(No symbol) [0x00007FF7062209B1]
	(No symbol) [0x00007FF706221B11]
	GetHandleVerifier [0x00007FF7066C881D+3294093]
	GetHandleVerifier [0x00007FF706714403+3604339]
	GetHandleVerifier [0x00007FF70670A2C7+3563063]
	GetHandleVerifier [0x00007FF706466F16+797318]
	(No symbol) [0x00007FF70632986F]
	(No symbol) [0x00007FF706325454]
	(No symbol) [0x00007FF7063255E0]
	(No symbol) [0x00007FF706314A7F]
	BaseThreadInitThunk [0x00007FFB6E337374+20]
	RtlUserThreadStart [0x00007FFB7033CC91+33]

2024-08-28 14:21:38,993 - ERROR - Erro ao selecionar o segundo item
Traceback (most recent call last):
  File "C:\Users\danilo.formanski\Downloads\Automacao-TCE\tce_navigation.py", line 49, in select_second_item
    wait.until(EC.element_to_be_clickable((By.CSS_SELECTOR, '.MuiBackdrop-root'))).click()
    ^^^^^^^^^^^^^^^^^^^^^^^^^^^^^^^^^^^^^^^^^^^^^^^^^^^^^^^^^^^^^^^^^^^^^^^^^^^^^^
  File "C:\Users\danilo.formanski\Downloads\Automacao-TCE\venv\Lib\site-packages\selenium\webdriver\support\wait.py", line 105, in until
    raise TimeoutException(message, screen, stacktrace)
selenium.common.exceptions.TimeoutException: Message: 
Stacktrace:
	GetHandleVerifier [0x00007FF7063AB632+29090]
	(No symbol) [0x00007FF70631E6E9]
	(No symbol) [0x00007FF7061DB1CA]
	(No symbol) [0x00007FF70622EFD7]
	(No symbol) [0x00007FF70622F22C]
	(No symbol) [0x00007FF7062797F7]
	(No symbol) [0x00007FF70625672F]
	(No symbol) [0x00007FF7062765D9]
	(No symbol) [0x00007FF706256493]
	(No symbol) [0x00007FF7062209B1]
	(No symbol) [0x00007FF706221B11]
	GetHandleVerifier [0x00007FF7066C881D+3294093]
	GetHandleVerifier [0x00007FF706714403+3604339]
	GetHandleVerifier [0x00007FF70670A2C7+3563063]
	GetHandleVerifier [0x00007FF706466F16+797318]
	(No symbol) [0x00007FF70632986F]
	(No symbol) [0x00007FF706325454]
	(No symbol) [0x00007FF7063255E0]
	(No symbol) [0x00007FF706314A7F]
	BaseThreadInitThunk [0x00007FFB6E337374+20]
	RtlUserThreadStart [0x00007FFB7033CC91+33]

2024-08-28 14:21:39,092 - ERROR - Erro na execução principal
Traceback (most recent call last):
  File "C:\Users\danilo.formanski\Downloads\Automacao-TCE\main.py", line 19, in <module>
    select_second_item(driver)
  File "C:\Users\danilo.formanski\Downloads\Automacao-TCE\tce_navigation.py", line 49, in select_second_item
    wait.until(EC.element_to_be_clickable((By.CSS_SELECTOR, '.MuiBackdrop-root'))).click()
    ^^^^^^^^^^^^^^^^^^^^^^^^^^^^^^^^^^^^^^^^^^^^^^^^^^^^^^^^^^^^^^^^^^^^^^^^^^^^^^
  File "C:\Users\danilo.formanski\Downloads\Automacao-TCE\venv\Lib\site-packages\selenium\webdriver\support\wait.py", line 105, in until
    raise TimeoutException(message, screen, stacktrace)
selenium.common.exceptions.TimeoutException: Message: 
Stacktrace:
	GetHandleVerifier [0x00007FF7063AB632+29090]
	(No symbol) [0x00007FF70631E6E9]
	(No symbol) [0x00007FF7061DB1CA]
	(No symbol) [0x00007FF70622EFD7]
	(No symbol) [0x00007FF70622F22C]
	(No symbol) [0x00007FF7062797F7]
	(No symbol) [0x00007FF70625672F]
	(No symbol) [0x00007FF7062765D9]
	(No symbol) [0x00007FF706256493]
	(No symbol) [0x00007FF7062209B1]
	(No symbol) [0x00007FF706221B11]
	GetHandleVerifier [0x00007FF7066C881D+3294093]
	GetHandleVerifier [0x00007FF706714403+3604339]
	GetHandleVerifier [0x00007FF70670A2C7+3563063]
	GetHandleVerifier [0x00007FF706466F16+797318]
	(No symbol) [0x00007FF70632986F]
	(No symbol) [0x00007FF706325454]
	(No symbol) [0x00007FF7063255E0]
	(No symbol) [0x00007FF706314A7F]
	BaseThreadInitThunk [0x00007FFB6E337374+20]
	RtlUserThreadStart [0x00007FFB7033CC91+33]

2024-08-28 14:24:24,566 - ERROR - Erro ao selecionar o segundo item
Traceback (most recent call last):
  File "C:\Users\danilo.formanski\Downloads\Automacao-TCE\tce_navigation.py", line 49, in select_second_item
    wait.until(EC.element_to_be_clickable((By.CSS_SELECTOR, '.MuiBackdrop-root'))).click()
    ^^^^^^^^^^^^^^^^^^^^^^^^^^^^^^^^^^^^^^^^^^^^^^^^^^^^^^^^^^^^^^^^^^^^^^^^^^^^^^
  File "C:\Users\danilo.formanski\Downloads\Automacao-TCE\venv\Lib\site-packages\selenium\webdriver\support\wait.py", line 105, in until
    raise TimeoutException(message, screen, stacktrace)
selenium.common.exceptions.TimeoutException: Message: 
Stacktrace:
	GetHandleVerifier [0x00007FF7063AB632+29090]
	(No symbol) [0x00007FF70631E6E9]
	(No symbol) [0x00007FF7061DB1CA]
	(No symbol) [0x00007FF70622EFD7]
	(No symbol) [0x00007FF70622F22C]
	(No symbol) [0x00007FF7062797F7]
	(No symbol) [0x00007FF70625672F]
	(No symbol) [0x00007FF7062765D9]
	(No symbol) [0x00007FF706256493]
	(No symbol) [0x00007FF7062209B1]
	(No symbol) [0x00007FF706221B11]
	GetHandleVerifier [0x00007FF7066C881D+3294093]
	GetHandleVerifier [0x00007FF706714403+3604339]
	GetHandleVerifier [0x00007FF70670A2C7+3563063]
	GetHandleVerifier [0x00007FF706466F16+797318]
	(No symbol) [0x00007FF70632986F]
	(No symbol) [0x00007FF706325454]
	(No symbol) [0x00007FF7063255E0]
	(No symbol) [0x00007FF706314A7F]
	BaseThreadInitThunk [0x00007FFB6E337374+20]
	RtlUserThreadStart [0x00007FFB7033CC91+33]

2024-08-28 14:24:24,664 - ERROR - Erro na execução principal
Traceback (most recent call last):
  File "C:\Users\danilo.formanski\Downloads\Automacao-TCE\main.py", line 19, in <module>
    select_second_item(driver)
  File "C:\Users\danilo.formanski\Downloads\Automacao-TCE\tce_navigation.py", line 49, in select_second_item
    wait.until(EC.element_to_be_clickable((By.CSS_SELECTOR, '.MuiBackdrop-root'))).click()
    ^^^^^^^^^^^^^^^^^^^^^^^^^^^^^^^^^^^^^^^^^^^^^^^^^^^^^^^^^^^^^^^^^^^^^^^^^^^^^^
  File "C:\Users\danilo.formanski\Downloads\Automacao-TCE\venv\Lib\site-packages\selenium\webdriver\support\wait.py", line 105, in until
    raise TimeoutException(message, screen, stacktrace)
selenium.common.exceptions.TimeoutException: Message: 
Stacktrace:
	GetHandleVerifier [0x00007FF7063AB632+29090]
	(No symbol) [0x00007FF70631E6E9]
	(No symbol) [0x00007FF7061DB1CA]
	(No symbol) [0x00007FF70622EFD7]
	(No symbol) [0x00007FF70622F22C]
	(No symbol) [0x00007FF7062797F7]
	(No symbol) [0x00007FF70625672F]
	(No symbol) [0x00007FF7062765D9]
	(No symbol) [0x00007FF706256493]
	(No symbol) [0x00007FF7062209B1]
	(No symbol) [0x00007FF706221B11]
	GetHandleVerifier [0x00007FF7066C881D+3294093]
	GetHandleVerifier [0x00007FF706714403+3604339]
	GetHandleVerifier [0x00007FF70670A2C7+3563063]
	GetHandleVerifier [0x00007FF706466F16+797318]
	(No symbol) [0x00007FF70632986F]
	(No symbol) [0x00007FF706325454]
	(No symbol) [0x00007FF7063255E0]
	(No symbol) [0x00007FF706314A7F]
	BaseThreadInitThunk [0x00007FFB6E337374+20]
	RtlUserThreadStart [0x00007FFB7033CC91+33]

2024-08-28 14:24:58,911 - ERROR - Erro durante o login no TCE
Traceback (most recent call last):
  File "C:\Users\danilo.formanski\Downloads\Automacao-TCE\tce_login.py", line 31, in login_tce
    botao_enviar.click()
  File "C:\Users\danilo.formanski\Downloads\Automacao-TCE\venv\Lib\site-packages\selenium\webdriver\remote\webelement.py", line 94, in click
    self._execute(Command.CLICK_ELEMENT)
  File "C:\Users\danilo.formanski\Downloads\Automacao-TCE\venv\Lib\site-packages\selenium\webdriver\remote\webelement.py", line 395, in _execute
    return self._parent.execute(command, params)
           ^^^^^^^^^^^^^^^^^^^^^^^^^^^^^^^^^^^^^
  File "C:\Users\danilo.formanski\Downloads\Automacao-TCE\venv\Lib\site-packages\selenium\webdriver\remote\webdriver.py", line 354, in execute
    self.error_handler.check_response(response)
  File "C:\Users\danilo.formanski\Downloads\Automacao-TCE\venv\Lib\site-packages\selenium\webdriver\remote\errorhandler.py", line 229, in check_response
    raise exception_class(message, screen, stacktrace)
selenium.common.exceptions.ElementClickInterceptedException: Message: element click intercepted: Element <button class="btn btn-primary btn-lg" style="font-size:14px;" ng-click="submit()" type="submit">...</button> is not clickable at point (839, 443). Other element would receive the click: <div class="modal-backdrop fade in" style="height: 697px;"></div>
  (Session info: chrome=128.0.6613.84)
Stacktrace:
	GetHandleVerifier [0x00007FF7063AB632+29090]
	(No symbol) [0x00007FF70631E6E9]
	(No symbol) [0x00007FF7061DB1CA]
	(No symbol) [0x00007FF706236C0E]
	(No symbol) [0x00007FF706234682]
	(No symbol) [0x00007FF706231B9B]
	(No symbol) [0x00007FF706230DB5]
	(No symbol) [0x00007FF706222D61]
	(No symbol) [0x00007FF7062566EA]
	(No symbol) [0x00007FF7062226A6]
	(No symbol) [0x00007FF706256900]
	(No symbol) [0x00007FF7062765D9]
	(No symbol) [0x00007FF706256493]
	(No symbol) [0x00007FF7062209B1]
	(No symbol) [0x00007FF706221B11]
	GetHandleVerifier [0x00007FF7066C881D+3294093]
	GetHandleVerifier [0x00007FF706714403+3604339]
	GetHandleVerifier [0x00007FF70670A2C7+3563063]
	GetHandleVerifier [0x00007FF706466F16+797318]
	(No symbol) [0x00007FF70632986F]
	(No symbol) [0x00007FF706325454]
	(No symbol) [0x00007FF7063255E0]
	(No symbol) [0x00007FF706314A7F]
	BaseThreadInitThunk [0x00007FFB6E337374+20]
	RtlUserThreadStart [0x00007FFB7033CC91+33]

2024-08-28 14:24:59,042 - ERROR - Erro na execução principal
Traceback (most recent call last):
  File "C:\Users\danilo.formanski\Downloads\Automacao-TCE\main.py", line 17, in <module>
    login_tce(driver)
  File "C:\Users\danilo.formanski\Downloads\Automacao-TCE\tce_login.py", line 31, in login_tce
    botao_enviar.click()
  File "C:\Users\danilo.formanski\Downloads\Automacao-TCE\venv\Lib\site-packages\selenium\webdriver\remote\webelement.py", line 94, in click
    self._execute(Command.CLICK_ELEMENT)
  File "C:\Users\danilo.formanski\Downloads\Automacao-TCE\venv\Lib\site-packages\selenium\webdriver\remote\webelement.py", line 395, in _execute
    return self._parent.execute(command, params)
           ^^^^^^^^^^^^^^^^^^^^^^^^^^^^^^^^^^^^^
  File "C:\Users\danilo.formanski\Downloads\Automacao-TCE\venv\Lib\site-packages\selenium\webdriver\remote\webdriver.py", line 354, in execute
    self.error_handler.check_response(response)
  File "C:\Users\danilo.formanski\Downloads\Automacao-TCE\venv\Lib\site-packages\selenium\webdriver\remote\errorhandler.py", line 229, in check_response
    raise exception_class(message, screen, stacktrace)
selenium.common.exceptions.ElementClickInterceptedException: Message: element click intercepted: Element <button class="btn btn-primary btn-lg" style="font-size:14px;" ng-click="submit()" type="submit">...</button> is not clickable at point (839, 443). Other element would receive the click: <div class="modal-backdrop fade in" style="height: 697px;"></div>
  (Session info: chrome=128.0.6613.84)
Stacktrace:
	GetHandleVerifier [0x00007FF7063AB632+29090]
	(No symbol) [0x00007FF70631E6E9]
	(No symbol) [0x00007FF7061DB1CA]
	(No symbol) [0x00007FF706236C0E]
	(No symbol) [0x00007FF706234682]
	(No symbol) [0x00007FF706231B9B]
	(No symbol) [0x00007FF706230DB5]
	(No symbol) [0x00007FF706222D61]
	(No symbol) [0x00007FF7062566EA]
	(No symbol) [0x00007FF7062226A6]
	(No symbol) [0x00007FF706256900]
	(No symbol) [0x00007FF7062765D9]
	(No symbol) [0x00007FF706256493]
	(No symbol) [0x00007FF7062209B1]
	(No symbol) [0x00007FF706221B11]
	GetHandleVerifier [0x00007FF7066C881D+3294093]
	GetHandleVerifier [0x00007FF706714403+3604339]
	GetHandleVerifier [0x00007FF70670A2C7+3563063]
	GetHandleVerifier [0x00007FF706466F16+797318]
	(No symbol) [0x00007FF70632986F]
	(No symbol) [0x00007FF706325454]
	(No symbol) [0x00007FF7063255E0]
	(No symbol) [0x00007FF706314A7F]
	BaseThreadInitThunk [0x00007FFB6E337374+20]
	RtlUserThreadStart [0x00007FFB7033CC91+33]

2024-08-28 14:25:10,159 - ERROR - Erro durante o login no TCE
Traceback (most recent call last):
  File "C:\Users\danilo.formanski\Downloads\Automacao-TCE\tce_login.py", line 31, in login_tce
    botao_enviar.click()
  File "C:\Users\danilo.formanski\Downloads\Automacao-TCE\venv\Lib\site-packages\selenium\webdriver\remote\webelement.py", line 94, in click
    self._execute(Command.CLICK_ELEMENT)
  File "C:\Users\danilo.formanski\Downloads\Automacao-TCE\venv\Lib\site-packages\selenium\webdriver\remote\webelement.py", line 395, in _execute
    return self._parent.execute(command, params)
           ^^^^^^^^^^^^^^^^^^^^^^^^^^^^^^^^^^^^^
  File "C:\Users\danilo.formanski\Downloads\Automacao-TCE\venv\Lib\site-packages\selenium\webdriver\remote\webdriver.py", line 354, in execute
    self.error_handler.check_response(response)
  File "C:\Users\danilo.formanski\Downloads\Automacao-TCE\venv\Lib\site-packages\selenium\webdriver\remote\errorhandler.py", line 229, in check_response
    raise exception_class(message, screen, stacktrace)
selenium.common.exceptions.ElementClickInterceptedException: Message: element click intercepted: Element <button class="btn btn-primary btn-lg" style="font-size:14px;" ng-click="submit()" type="submit">...</button> is not clickable at point (839, 443). Other element would receive the click: <div class="modal-backdrop fade in" style="height: 697px;"></div>
  (Session info: chrome=128.0.6613.84)
Stacktrace:
	GetHandleVerifier [0x00007FF7063AB632+29090]
	(No symbol) [0x00007FF70631E6E9]
	(No symbol) [0x00007FF7061DB1CA]
	(No symbol) [0x00007FF706236C0E]
	(No symbol) [0x00007FF706234682]
	(No symbol) [0x00007FF706231B9B]
	(No symbol) [0x00007FF706230DB5]
	(No symbol) [0x00007FF706222D61]
	(No symbol) [0x00007FF7062566EA]
	(No symbol) [0x00007FF7062226A6]
	(No symbol) [0x00007FF706256900]
	(No symbol) [0x00007FF7062765D9]
	(No symbol) [0x00007FF706256493]
	(No symbol) [0x00007FF7062209B1]
	(No symbol) [0x00007FF706221B11]
	GetHandleVerifier [0x00007FF7066C881D+3294093]
	GetHandleVerifier [0x00007FF706714403+3604339]
	GetHandleVerifier [0x00007FF70670A2C7+3563063]
	GetHandleVerifier [0x00007FF706466F16+797318]
	(No symbol) [0x00007FF70632986F]
	(No symbol) [0x00007FF706325454]
	(No symbol) [0x00007FF7063255E0]
	(No symbol) [0x00007FF706314A7F]
	BaseThreadInitThunk [0x00007FFB6E337374+20]
	RtlUserThreadStart [0x00007FFB7033CC91+33]

2024-08-28 14:25:10,304 - ERROR - Erro na execução principal
Traceback (most recent call last):
  File "C:\Users\danilo.formanski\Downloads\Automacao-TCE\main.py", line 17, in <module>
    login_tce(driver)
  File "C:\Users\danilo.formanski\Downloads\Automacao-TCE\tce_login.py", line 31, in login_tce
    botao_enviar.click()
  File "C:\Users\danilo.formanski\Downloads\Automacao-TCE\venv\Lib\site-packages\selenium\webdriver\remote\webelement.py", line 94, in click
    self._execute(Command.CLICK_ELEMENT)
  File "C:\Users\danilo.formanski\Downloads\Automacao-TCE\venv\Lib\site-packages\selenium\webdriver\remote\webelement.py", line 395, in _execute
    return self._parent.execute(command, params)
           ^^^^^^^^^^^^^^^^^^^^^^^^^^^^^^^^^^^^^
  File "C:\Users\danilo.formanski\Downloads\Automacao-TCE\venv\Lib\site-packages\selenium\webdriver\remote\webdriver.py", line 354, in execute
    self.error_handler.check_response(response)
  File "C:\Users\danilo.formanski\Downloads\Automacao-TCE\venv\Lib\site-packages\selenium\webdriver\remote\errorhandler.py", line 229, in check_response
    raise exception_class(message, screen, stacktrace)
selenium.common.exceptions.ElementClickInterceptedException: Message: element click intercepted: Element <button class="btn btn-primary btn-lg" style="font-size:14px;" ng-click="submit()" type="submit">...</button> is not clickable at point (839, 443). Other element would receive the click: <div class="modal-backdrop fade in" style="height: 697px;"></div>
  (Session info: chrome=128.0.6613.84)
Stacktrace:
	GetHandleVerifier [0x00007FF7063AB632+29090]
	(No symbol) [0x00007FF70631E6E9]
	(No symbol) [0x00007FF7061DB1CA]
	(No symbol) [0x00007FF706236C0E]
	(No symbol) [0x00007FF706234682]
	(No symbol) [0x00007FF706231B9B]
	(No symbol) [0x00007FF706230DB5]
	(No symbol) [0x00007FF706222D61]
	(No symbol) [0x00007FF7062566EA]
	(No symbol) [0x00007FF7062226A6]
	(No symbol) [0x00007FF706256900]
	(No symbol) [0x00007FF7062765D9]
	(No symbol) [0x00007FF706256493]
	(No symbol) [0x00007FF7062209B1]
	(No symbol) [0x00007FF706221B11]
	GetHandleVerifier [0x00007FF7066C881D+3294093]
	GetHandleVerifier [0x00007FF706714403+3604339]
	GetHandleVerifier [0x00007FF70670A2C7+3563063]
	GetHandleVerifier [0x00007FF706466F16+797318]
	(No symbol) [0x00007FF70632986F]
	(No symbol) [0x00007FF706325454]
	(No symbol) [0x00007FF7063255E0]
	(No symbol) [0x00007FF706314A7F]
	BaseThreadInitThunk [0x00007FFB6E337374+20]
	RtlUserThreadStart [0x00007FFB7033CC91+33]

2024-08-28 14:26:24,888 - ERROR - Erro durante o login no TCE
Traceback (most recent call last):
  File "C:\Users\danilo.formanski\Downloads\Automacao-TCE\tce_login.py", line 31, in login_tce
    botao_enviar.click()
  File "C:\Users\danilo.formanski\Downloads\Automacao-TCE\venv\Lib\site-packages\selenium\webdriver\remote\webelement.py", line 94, in click
    self._execute(Command.CLICK_ELEMENT)
  File "C:\Users\danilo.formanski\Downloads\Automacao-TCE\venv\Lib\site-packages\selenium\webdriver\remote\webelement.py", line 395, in _execute
    return self._parent.execute(command, params)
           ^^^^^^^^^^^^^^^^^^^^^^^^^^^^^^^^^^^^^
  File "C:\Users\danilo.formanski\Downloads\Automacao-TCE\venv\Lib\site-packages\selenium\webdriver\remote\webdriver.py", line 354, in execute
    self.error_handler.check_response(response)
  File "C:\Users\danilo.formanski\Downloads\Automacao-TCE\venv\Lib\site-packages\selenium\webdriver\remote\errorhandler.py", line 229, in check_response
    raise exception_class(message, screen, stacktrace)
selenium.common.exceptions.ElementClickInterceptedException: Message: element click intercepted: Element <button class="btn btn-primary btn-lg" style="font-size:14px;" ng-click="submit()" type="submit">...</button> is not clickable at point (839, 443). Other element would receive the click: <div class="modal-backdrop fade in" style="height: 697px;"></div>
  (Session info: chrome=128.0.6613.84)
Stacktrace:
	GetHandleVerifier [0x00007FF7063AB632+29090]
	(No symbol) [0x00007FF70631E6E9]
	(No symbol) [0x00007FF7061DB1CA]
	(No symbol) [0x00007FF706236C0E]
	(No symbol) [0x00007FF706234682]
	(No symbol) [0x00007FF706231B9B]
	(No symbol) [0x00007FF706230DB5]
	(No symbol) [0x00007FF706222D61]
	(No symbol) [0x00007FF7062566EA]
	(No symbol) [0x00007FF7062226A6]
	(No symbol) [0x00007FF706256900]
	(No symbol) [0x00007FF7062765D9]
	(No symbol) [0x00007FF706256493]
	(No symbol) [0x00007FF7062209B1]
	(No symbol) [0x00007FF706221B11]
	GetHandleVerifier [0x00007FF7066C881D+3294093]
	GetHandleVerifier [0x00007FF706714403+3604339]
	GetHandleVerifier [0x00007FF70670A2C7+3563063]
	GetHandleVerifier [0x00007FF706466F16+797318]
	(No symbol) [0x00007FF70632986F]
	(No symbol) [0x00007FF706325454]
	(No symbol) [0x00007FF7063255E0]
	(No symbol) [0x00007FF706314A7F]
	BaseThreadInitThunk [0x00007FFB6E337374+20]
	RtlUserThreadStart [0x00007FFB7033CC91+33]

2024-08-28 14:26:25,044 - ERROR - Erro na execução principal
Traceback (most recent call last):
  File "C:\Users\danilo.formanski\Downloads\Automacao-TCE\main.py", line 17, in <module>
    login_tce(driver)
  File "C:\Users\danilo.formanski\Downloads\Automacao-TCE\tce_login.py", line 31, in login_tce
    botao_enviar.click()
  File "C:\Users\danilo.formanski\Downloads\Automacao-TCE\venv\Lib\site-packages\selenium\webdriver\remote\webelement.py", line 94, in click
    self._execute(Command.CLICK_ELEMENT)
  File "C:\Users\danilo.formanski\Downloads\Automacao-TCE\venv\Lib\site-packages\selenium\webdriver\remote\webelement.py", line 395, in _execute
    return self._parent.execute(command, params)
           ^^^^^^^^^^^^^^^^^^^^^^^^^^^^^^^^^^^^^
  File "C:\Users\danilo.formanski\Downloads\Automacao-TCE\venv\Lib\site-packages\selenium\webdriver\remote\webdriver.py", line 354, in execute
    self.error_handler.check_response(response)
  File "C:\Users\danilo.formanski\Downloads\Automacao-TCE\venv\Lib\site-packages\selenium\webdriver\remote\errorhandler.py", line 229, in check_response
    raise exception_class(message, screen, stacktrace)
selenium.common.exceptions.ElementClickInterceptedException: Message: element click intercepted: Element <button class="btn btn-primary btn-lg" style="font-size:14px;" ng-click="submit()" type="submit">...</button> is not clickable at point (839, 443). Other element would receive the click: <div class="modal-backdrop fade in" style="height: 697px;"></div>
  (Session info: chrome=128.0.6613.84)
Stacktrace:
	GetHandleVerifier [0x00007FF7063AB632+29090]
	(No symbol) [0x00007FF70631E6E9]
	(No symbol) [0x00007FF7061DB1CA]
	(No symbol) [0x00007FF706236C0E]
	(No symbol) [0x00007FF706234682]
	(No symbol) [0x00007FF706231B9B]
	(No symbol) [0x00007FF706230DB5]
	(No symbol) [0x00007FF706222D61]
	(No symbol) [0x00007FF7062566EA]
	(No symbol) [0x00007FF7062226A6]
	(No symbol) [0x00007FF706256900]
	(No symbol) [0x00007FF7062765D9]
	(No symbol) [0x00007FF706256493]
	(No symbol) [0x00007FF7062209B1]
	(No symbol) [0x00007FF706221B11]
	GetHandleVerifier [0x00007FF7066C881D+3294093]
	GetHandleVerifier [0x00007FF706714403+3604339]
	GetHandleVerifier [0x00007FF70670A2C7+3563063]
	GetHandleVerifier [0x00007FF706466F16+797318]
	(No symbol) [0x00007FF70632986F]
	(No symbol) [0x00007FF706325454]
	(No symbol) [0x00007FF7063255E0]
	(No symbol) [0x00007FF706314A7F]
	BaseThreadInitThunk [0x00007FFB6E337374+20]
	RtlUserThreadStart [0x00007FFB7033CC91+33]

